2022-11-23 08:00:27,096 INFO    StreamThr :98045 [internal.py:wandb_internal():88] W&B internal server running at pid: 98045, started at: 2022-11-23 08:00:27.095988
2022-11-23 08:00:27,100 DEBUG   HandlerThread:98045 [handler.py:handle_request():139] handle_request: status
2022-11-23 08:00:27,100 DEBUG   SenderThread:98045 [sender.py:send_request():317] send_request: status
2022-11-23 08:00:46,558 DEBUG   SenderThread:98045 [sender.py:send():303] send: header
2022-11-23 08:00:46,558 INFO    WriterThread:98045 [datastore.py:open_for_write():75] open: /opt/ml/input/code/dkt/wandb/run-20221123_080025-25r1x480/run-25r1x480.wandb
2022-11-23 08:00:48,244 DEBUG   SenderThread:98045 [sender.py:send():303] send: run
2022-11-23 08:00:53,096 DEBUG   HandlerThread:98045 [handler.py:handle_request():139] handle_request: keepalive
2022-11-23 08:00:58,094 DEBUG   HandlerThread:98045 [handler.py:handle_request():139] handle_request: keepalive
2022-11-23 08:01:03,103 DEBUG   HandlerThread:98045 [handler.py:handle_request():139] handle_request: keepalive
2022-11-23 08:01:08,108 DEBUG   HandlerThread:98045 [handler.py:handle_request():139] handle_request: keepalive
2022-11-23 08:01:13,112 DEBUG   HandlerThread:98045 [handler.py:handle_request():139] handle_request: keepalive
2022-11-23 08:01:18,116 DEBUG   HandlerThread:98045 [handler.py:handle_request():139] handle_request: keepalive
2022-11-23 08:01:23,121 DEBUG   HandlerThread:98045 [handler.py:handle_request():139] handle_request: keepalive
2022-11-23 08:01:28,125 DEBUG   HandlerThread:98045 [handler.py:handle_request():139] handle_request: keepalive
2022-11-23 08:01:33,130 DEBUG   HandlerThread:98045 [handler.py:handle_request():139] handle_request: keepalive
2022-11-23 08:01:38,129 DEBUG   HandlerThread:98045 [handler.py:handle_request():139] handle_request: keepalive
2022-11-23 08:01:43,144 DEBUG   HandlerThread:98045 [handler.py:handle_request():139] handle_request: keepalive
2022-11-23 08:02:04,709 INFO    StreamThr :98045 [internal.py:wandb_internal():88] W&B internal server running at pid: 98045, started at: 2022-11-23 08:02:04.688366
2022-11-23 08:02:04,977 DEBUG   HandlerThread:98045 [handler.py:handle_request():139] handle_request: status
2022-11-23 08:02:04,997 DEBUG   SenderThread:98045 [sender.py:send_request():317] send_request: status
2022-11-23 08:02:05,055 INFO    WriterThread:98045 [datastore.py:open_for_write():75] open: /opt/ml/input/code/dkt/wandb/run-20221123_080204-3ry2o92w/run-3ry2o92w.wandb
2022-11-23 08:02:05,060 DEBUG   SenderThread:98045 [sender.py:send():303] send: header
2022-11-23 08:02:05,074 DEBUG   SenderThread:98045 [sender.py:send():303] send: run
2022-11-23 08:02:05,807 DEBUG   HandlerThread:98045 [handler.py:handle_request():139] handle_request: check_version
2022-11-23 08:02:06,029 INFO    SenderThread:98045 [dir_watcher.py:__init__():216] watching files in: /opt/ml/input/code/dkt/wandb/run-20221123_080204-3ry2o92w/files
2022-11-23 08:02:06,034 INFO    SenderThread:98045 [sender.py:_start_run_threads():928] run started: 3ry2o92w with start time 1669190524.662388
2022-11-23 08:02:06,034 DEBUG   SenderThread:98045 [sender.py:send():303] send: summary
2022-11-23 08:02:06,060 INFO    SenderThread:98045 [sender.py:_save_file():1171] saving file wandb-summary.json with policy end
2022-11-23 08:02:06,060 DEBUG   SenderThread:98045 [sender.py:send_request():317] send_request: check_version
2022-11-23 08:02:07,031 INFO    Thread-19 :98045 [dir_watcher.py:_on_file_created():275] file/dir created: /opt/ml/input/code/dkt/wandb/run-20221123_080204-3ry2o92w/files/wandb-summary.json
2022-11-23 08:02:10,822 DEBUG   HandlerThread:98045 [handler.py:handle_request():139] handle_request: run_start
2022-11-23 08:02:10,873 DEBUG   HandlerThread:98045 [system_info.py:__init__():31] System info init
2022-11-23 08:02:10,873 DEBUG   HandlerThread:98045 [system_info.py:__init__():46] System info init done
2022-11-23 08:02:10,878 INFO    HandlerThread:98045 [system_monitor.py:start():150] Starting system monitor
2022-11-23 08:02:10,889 INFO    SystemMonitor:98045 [system_monitor.py:_start():116] Starting system asset monitoring threads
2022-11-23 08:02:10,900 INFO    HandlerThread:98045 [system_monitor.py:probe():168] Collecting system info
2022-11-23 08:02:10,905 INFO    SystemMonitor:98045 [interfaces.py:start():168] Started cpu
2022-11-23 08:02:10,916 INFO    SystemMonitor:98045 [interfaces.py:start():168] Started disk
2022-11-23 08:02:10,938 INFO    SystemMonitor:98045 [interfaces.py:start():168] Started gpu
2022-11-23 08:02:10,944 INFO    SystemMonitor:98045 [interfaces.py:start():168] Started memory
2022-11-23 08:02:10,944 INFO    SystemMonitor:98045 [interfaces.py:start():168] Started network
2022-11-23 08:02:11,139 DEBUG   HandlerThread:98045 [system_info.py:probe():195] Probing system
2022-11-23 08:02:11,276 DEBUG   HandlerThread:98045 [git.py:repo():40] git repository is invalid
2022-11-23 08:02:11,276 DEBUG   HandlerThread:98045 [system_info.py:probe():241] Probing system done
2022-11-23 08:02:11,281 DEBUG   HandlerThread:98045 [system_monitor.py:probe():177] {'os': 'Linux-4.4.0-59-generic-x86_64-with-glibc2.17', 'python': '3.8.15', 'heartbeatAt': '2022-11-23T08:02:11.144819', 'startedAt': '2022-11-23T08:02:04.652242', 'docker': None, 'cuda': None, 'args': None, 'state': 'running', 'program': '<python with no main file>', 'host': '5f52ecfe9bd1', 'username': 'root', 'executable': '/opt/conda/envs/dkt/bin/python', 'cpu_count': 8, 'cpu_count_logical': 8, 'cpu_freq': {'current': 2200.096, 'min': 0.0, 'max': 0.0}, 'cpu_freq_per_core': [{'current': 2200.096, 'min': 0.0, 'max': 0.0}, {'current': 2200.096, 'min': 0.0, 'max': 0.0}, {'current': 2200.096, 'min': 0.0, 'max': 0.0}, {'current': 2200.096, 'min': 0.0, 'max': 0.0}, {'current': 2200.096, 'min': 0.0, 'max': 0.0}, {'current': 2200.096, 'min': 0.0, 'max': 0.0}, {'current': 2200.096, 'min': 0.0, 'max': 0.0}, {'current': 2200.096, 'min': 0.0, 'max': 0.0}], 'disk': {'total': 98.30496215820312, 'used': 38.47380828857422}, 'gpu': 'Tesla V100-SXM2-32GB', 'gpu_count': 1, 'gpu_devices': [{'name': 'Tesla V100-SXM2-32GB', 'memory_total': 34089730048}], 'memory': {'total': 88.4907455444336}}
2022-11-23 08:02:11,281 INFO    HandlerThread:98045 [system_monitor.py:probe():178] Finished collecting system info
2022-11-23 08:02:11,281 INFO    HandlerThread:98045 [system_monitor.py:probe():181] Publishing system info
2022-11-23 08:02:11,282 DEBUG   HandlerThread:98045 [system_info.py:_save_pip():51] Saving list of pip packages installed into the current environment
2022-11-23 08:02:11,297 DEBUG   HandlerThread:98045 [system_info.py:_save_pip():67] Saving pip packages done
2022-11-23 08:02:11,308 DEBUG   HandlerThread:98045 [system_info.py:_save_conda():74] Saving list of conda packages installed into the current environment
2022-11-23 08:02:12,181 INFO    Thread-19 :98045 [dir_watcher.py:_on_file_created():275] file/dir created: /opt/ml/input/code/dkt/wandb/run-20221123_080204-3ry2o92w/files/conda-environment.yaml
2022-11-23 08:02:12,186 INFO    Thread-19 :98045 [dir_watcher.py:_on_file_created():275] file/dir created: /opt/ml/input/code/dkt/wandb/run-20221123_080204-3ry2o92w/files/requirements.txt
2022-11-23 08:02:15,943 DEBUG   HandlerThread:98045 [system_info.py:_save_conda():86] Saving conda packages done
2022-11-23 08:02:15,974 INFO    HandlerThread:98045 [system_monitor.py:probe():183] Finished publishing system info
2022-11-23 08:02:16,010 DEBUG   HandlerThread:98045 [handler.py:handle_request():139] handle_request: stop_status
2022-11-23 08:02:16,011 DEBUG   SenderThread:98045 [sender.py:send_request():317] send_request: stop_status
2022-11-23 08:02:16,295 INFO    Thread-19 :98045 [dir_watcher.py:_on_file_modified():292] file/dir modified: /opt/ml/input/code/dkt/wandb/run-20221123_080204-3ry2o92w/files/conda-environment.yaml
2022-11-23 08:02:16,301 INFO    Thread-19 :98045 [dir_watcher.py:_on_file_created():275] file/dir created: /opt/ml/input/code/dkt/wandb/run-20221123_080204-3ry2o92w/files/wandb-metadata.json
2022-11-23 08:02:16,308 DEBUG   SenderThread:98045 [sender.py:send():303] send: telemetry
2022-11-23 08:02:16,421 DEBUG   SenderThread:98045 [sender.py:send():303] send: files
2022-11-23 08:02:16,426 INFO    SenderThread:98045 [sender.py:_save_file():1171] saving file wandb-metadata.json with policy now
2022-11-23 08:02:17,305 INFO    Thread-22 :98045 [upload_job.py:push():143] Uploaded file /tmp/tmp_e87lgchwandb/1o78w1at-wandb-metadata.json
2022-11-23 08:02:17,327 INFO    Thread-19 :98045 [dir_watcher.py:_on_file_created():275] file/dir created: /opt/ml/input/code/dkt/wandb/run-20221123_080204-3ry2o92w/files/output.log
2022-11-23 08:02:19,359 INFO    Thread-19 :98045 [dir_watcher.py:_on_file_modified():292] file/dir modified: /opt/ml/input/code/dkt/wandb/run-20221123_080204-3ry2o92w/files/output.log
2022-11-23 08:02:21,446 INFO    Thread-19 :98045 [dir_watcher.py:_on_file_modified():292] file/dir modified: /opt/ml/input/code/dkt/wandb/run-20221123_080204-3ry2o92w/files/output.log
2022-11-23 08:02:22,472 INFO    Thread-19 :98045 [dir_watcher.py:_on_file_modified():292] file/dir modified: /opt/ml/input/code/dkt/wandb/run-20221123_080204-3ry2o92w/files/output.log
2022-11-23 08:02:24,521 INFO    Thread-19 :98045 [dir_watcher.py:_on_file_modified():292] file/dir modified: /opt/ml/input/code/dkt/wandb/run-20221123_080204-3ry2o92w/files/output.log
2022-11-23 08:02:26,593 INFO    Thread-19 :98045 [dir_watcher.py:_on_file_modified():292] file/dir modified: /opt/ml/input/code/dkt/wandb/run-20221123_080204-3ry2o92w/files/output.log
2022-11-23 08:02:28,681 INFO    Thread-19 :98045 [dir_watcher.py:_on_file_modified():292] file/dir modified: /opt/ml/input/code/dkt/wandb/run-20221123_080204-3ry2o92w/files/output.log
2022-11-23 08:02:30,733 INFO    Thread-19 :98045 [dir_watcher.py:_on_file_modified():292] file/dir modified: /opt/ml/input/code/dkt/wandb/run-20221123_080204-3ry2o92w/files/output.log
2022-11-23 08:02:31,335 DEBUG   HandlerThread:98045 [handler.py:handle_request():139] handle_request: stop_status
2022-11-23 08:02:31,335 DEBUG   SenderThread:98045 [sender.py:send_request():317] send_request: stop_status
2022-11-23 08:02:32,791 INFO    Thread-19 :98045 [dir_watcher.py:_on_file_modified():292] file/dir modified: /opt/ml/input/code/dkt/wandb/run-20221123_080204-3ry2o92w/files/output.log
2022-11-23 08:02:34,798 INFO    Thread-19 :98045 [dir_watcher.py:_on_file_modified():292] file/dir modified: /opt/ml/input/code/dkt/wandb/run-20221123_080204-3ry2o92w/files/output.log
2022-11-23 08:02:36,809 INFO    Thread-19 :98045 [dir_watcher.py:_on_file_modified():292] file/dir modified: /opt/ml/input/code/dkt/wandb/run-20221123_080204-3ry2o92w/files/config.yaml
2022-11-23 08:02:36,809 INFO    Thread-19 :98045 [dir_watcher.py:_on_file_modified():292] file/dir modified: /opt/ml/input/code/dkt/wandb/run-20221123_080204-3ry2o92w/files/output.log
2022-11-23 08:02:38,820 INFO    Thread-19 :98045 [dir_watcher.py:_on_file_modified():292] file/dir modified: /opt/ml/input/code/dkt/wandb/run-20221123_080204-3ry2o92w/files/output.log
2022-11-23 08:02:40,830 INFO    Thread-19 :98045 [dir_watcher.py:_on_file_modified():292] file/dir modified: /opt/ml/input/code/dkt/wandb/run-20221123_080204-3ry2o92w/files/output.log
2022-11-23 08:02:42,839 INFO    Thread-19 :98045 [dir_watcher.py:_on_file_modified():292] file/dir modified: /opt/ml/input/code/dkt/wandb/run-20221123_080204-3ry2o92w/files/output.log
2022-11-23 08:02:44,876 INFO    Thread-19 :98045 [dir_watcher.py:_on_file_modified():292] file/dir modified: /opt/ml/input/code/dkt/wandb/run-20221123_080204-3ry2o92w/files/output.log
2022-11-23 08:02:46,678 DEBUG   HandlerThread:98045 [handler.py:handle_request():139] handle_request: stop_status
2022-11-23 08:02:46,694 DEBUG   SenderThread:98045 [sender.py:send_request():317] send_request: stop_status
2022-11-23 08:02:46,961 INFO    Thread-19 :98045 [dir_watcher.py:_on_file_modified():292] file/dir modified: /opt/ml/input/code/dkt/wandb/run-20221123_080204-3ry2o92w/files/output.log
2022-11-23 08:02:49,135 INFO    Thread-19 :98045 [dir_watcher.py:_on_file_modified():292] file/dir modified: /opt/ml/input/code/dkt/wandb/run-20221123_080204-3ry2o92w/files/output.log
2022-11-23 08:02:51,136 INFO    Thread-19 :98045 [dir_watcher.py:_on_file_modified():292] file/dir modified: /opt/ml/input/code/dkt/wandb/run-20221123_080204-3ry2o92w/files/output.log
2022-11-23 08:02:51,557 ERROR   SenderThread:98045 [internal_api.py:execute():213] 400 response executing GraphQL.
2022-11-23 08:02:51,557 ERROR   SenderThread:98045 [internal_api.py:execute():214] {"errors":[{"message":"run config cannot exceed 15 MB","path":["upsertBucket"]}],"data":{"upsertBucket":null}}
2022-11-23 08:02:52,137 INFO    HandlerThread:98045 [handler.py:finish():814] shutting down handler
2022-11-23 08:02:52,327 INFO    WriterThread:98045 [datastore.py:close():279] close: /opt/ml/input/code/dkt/wandb/run-20221123_080025-25r1x480/run-25r1x480.wandb
2022-11-23 08:02:52,327 ERROR   StreamThr :98045 [internal.py:wandb_internal():163] Thread SenderThread:
Traceback (most recent call last):
  File "/opt/conda/envs/dkt/lib/python3.8/site-packages/wandb/apis/normalize.py", line 26, in wrapper
    return func(*args, **kwargs)
  File "/opt/conda/envs/dkt/lib/python3.8/site-packages/wandb/sdk/internal/internal_api.py", line 1516, in upsert_run
    response = self.gql(
  File "/opt/conda/envs/dkt/lib/python3.8/site-packages/wandb/sdk/lib/retry.py", line 113, in __call__
    result = self._call_fn(*args, **kwargs)
  File "/opt/conda/envs/dkt/lib/python3.8/site-packages/wandb/sdk/internal/internal_api.py", line 210, in execute
    return self.client.execute(*args, **kwargs)  # type: ignore
  File "/opt/conda/envs/dkt/lib/python3.8/site-packages/wandb/vendor/gql-0.2.0/wandb_gql/client.py", line 52, in execute
    result = self._get_result(document, *args, **kwargs)
  File "/opt/conda/envs/dkt/lib/python3.8/site-packages/wandb/vendor/gql-0.2.0/wandb_gql/client.py", line 60, in _get_result
    return self.transport.execute(document, *args, **kwargs)
  File "/opt/conda/envs/dkt/lib/python3.8/site-packages/wandb/vendor/gql-0.2.0/wandb_gql/transport/requests.py", line 39, in execute
    request.raise_for_status()
  File "/opt/conda/envs/dkt/lib/python3.8/site-packages/requests/models.py", line 1021, in raise_for_status
    raise HTTPError(http_error_msg, response=self)
requests.exceptions.HTTPError: 400 Client Error: Bad Request for url: https://api.wandb.ai/graphql

During handling of the above exception, another exception occurred:

Traceback (most recent call last):
  File "/opt/conda/envs/dkt/lib/python3.8/site-packages/wandb/sdk/internal/internal_util.py", line 50, in run
    self._run()
  File "/opt/conda/envs/dkt/lib/python3.8/site-packages/wandb/sdk/internal/internal_util.py", line 101, in _run
    self._process(record)
  File "/opt/conda/envs/dkt/lib/python3.8/site-packages/wandb/sdk/internal/internal.py", line 308, in _process
    self._sm.send(record)
  File "/opt/conda/envs/dkt/lib/python3.8/site-packages/wandb/sdk/internal/sender.py", line 305, in send
    send_handler(record)
  File "/opt/conda/envs/dkt/lib/python3.8/site-packages/wandb/sdk/internal/sender.py", line 797, in send_run
    self._init_run(run, config_value_dict)
  File "/opt/conda/envs/dkt/lib/python3.8/site-packages/wandb/sdk/internal/sender.py", line 823, in _init_run
    server_run, inserted, server_messages = self._api.upsert_run(
  File "/opt/conda/envs/dkt/lib/python3.8/site-packages/wandb/apis/normalize.py", line 28, in wrapper
    raise CommError(err.response, err)
wandb.errors.CommError: <Response [400]>
2022-11-23 08:02:53,544 INFO    Thread-19 :98045 [dir_watcher.py:_on_file_modified():292] file/dir modified: /opt/ml/input/code/dkt/wandb/run-20221123_080204-3ry2o92w/files/output.log
2022-11-23 08:02:55,907 INFO    Thread-19 :98045 [dir_watcher.py:_on_file_modified():292] file/dir modified: /opt/ml/input/code/dkt/wandb/run-20221123_080204-3ry2o92w/files/output.log
